-------------------------------------------------------------------------------
Test set: org.mule.extension.secretsmanager.SecretsmanagerOperationsTestCase
-------------------------------------------------------------------------------
Tests run: 1, Failures: 0, Errors: 1, Skipped: 0, Time elapsed: 6.524 s <<< FAILURE! - in org.mule.extension.secretsmanager.SecretsmanagerOperationsTestCase
fakeTest(org.mule.extension.secretsmanager.SecretsmanagerOperationsTestCase)  Time elapsed: 2.383 s  <<< ERROR!
org.mule.runtime.core.internal.exception.MessagingException: java.lang.NoClassDefFoundError: software/amazon/awssdk/services/secretsmanager/SecretsManagerClient.
Caused by: org.mule.runtime.api.exception.MuleFatalException: java.lang.NoClassDefFoundError: software/amazon/awssdk/services/secretsmanager/SecretsManagerClient
Caused by: java.lang.NoClassDefFoundError: software/amazon/awssdk/services/secretsmanager/SecretsManagerClient
Caused by: org.mule.runtime.module.artifact.api.classloader.exception.CompositeClassNotFoundException: 
Cannot load class 'software.amazon.awssdk.services.secretsmanager.SecretsManagerClient': [
	software.amazon.awssdk.services.secretsmanager.SecretsManagerClient, 
	Cannot load class 'software.amazon.awssdk.services.secretsmanager.SecretsManagerClient': [
	Class 'software.amazon.awssdk.services.secretsmanager.SecretsManagerClient' has no package mapping for region 'Region'., 
	Class 'software.amazon.awssdk.services.secretsmanager.SecretsManagerClient' not found in classloader for artifact 'mule'.]]
Caused by: java.lang.ClassNotFoundException: software.amazon.awssdk.services.secretsmanager.SecretsManagerClient

